
ROM used:   103/8192 (1%)
            103/8192 (1%) including unused fragments

            0.1 Average locations per line
            8.6 Average locations per statement

RAM used:   6/368 (2%) at main() level
            7/368 (2%) worst case

Stack used: 1 worst case (1 in main + 0 for interrupts)
Stack size: 8

Lines Stmts  %   Files
----- ----- ---  -----
   24    12 100  main.c
  671     0   0  ..\..\..\..\..\..\Program Files (x86)\PICC\Devices\16F877A.h
----- -----
  695    12 Total

Page ROM  %  RAM   Vol Diff  Functions:
---- --- --- ---   --- ----  ----------
0     21  20    1             @delay_ms1
0     78  76    1   221  1.8  main
 Inline         0             @cinit1

Program metrics:
    Functions               1
    Statements              12
    Comments                119
    Volume (V)              226
    Difficulty (D)          1.6
    Effort to implement (E) 365
    Time to implement (T)   0 minutes
    Est Delivered Bugs (B)  0
    Cyclomatic Complexity   1
    Maintainability (MI)    56

 Segment     Used  Free
-----------  ----  ----
00000-00003     4  0  
00004-007FF    99  1945  
00800-00FFF     0  2048  
01000-017FF     0  2048  
01800-01FFF     0  2048  



