
ROM used:   1087/8192 (13%)
            1087/8192 (13%) including unused fragments

            0.4 Average locations per line
            1.9 Average locations per statement

RAM used:   20/368 (5%) at main() level
            38/368 (10%) worst case

Stack used: 5 worst case (5 in main + 0 for interrupts)
Stack size: 8

Lines Stmts  %   Files
----- ----- ---  -----
   44    18   3  main.c
  671     0   0  ..\..\..\..\..\Program Files (x86)\PICC\Devices\16F877A.h
 1351   359  61  ..\..\..\..\..\Program Files (x86)\PICC\Drivers\stdlib.h
   32     0   0  ..\..\..\..\..\Program Files (x86)\PICC\Drivers\stddef.h
  423   125  21  ..\..\..\..\..\Program Files (x86)\PICC\Drivers\string.h
   28     0   0  ..\..\..\..\..\Program Files (x86)\PICC\Drivers\ctype.h
  456    84  14  ..\..\..\..\..\Program Files (x86)\PICC\Drivers\lcd.c
----- -----
 3005   586 Total

Page ROM  %  RAM   Vol Diff  Functions:
---- --- --- ---   --- ----  ----------
 Inline         6             @MULS1616
0    310  29   11  1817 10.4  atol
0     21   2    1             @delay_ms1
 Inline         3   596  5.9  lcd_read_byte
0      6   1    0    59  4.2  lcd_read_nibble
0     12   1    1   179  3.3  lcd_send_nibble
0     64   6    3   460  4.7  lcd_send_byte
0     62   6    6   814  7.2  lcd_init
0     18   2    4   208  6.3  lcd_gotoxy
0     44   4    1   354  4.7  lcd_putc
0    118  11    2   482  5.5  MAIN
0      9   1    0             @const942
0     89   8    5             @PSTRINGCN7_9600_62_63
0     25   2    2             @PSTRINGR_9600_62_63
0      7   1    0             @const946
0     91   8    9             @PRINTF_LU_9600_62_63
0      6   1    0             @const949
0     89   8    5             @PSTRINGCN7_920
0    101   9    9             @PRINTF_LU_920
0     11   1    0             @MEMSET
 Inline         0             @cinit1

Program metrics:
    Functions               9
    Statements              586
    Comments                1008
    Volume (V)              7350
    Difficulty (D)          49.5
    Effort to implement (E) 364108
    Time to implement (T)   5 hours, 37 minutes
    Est Delivered Bugs (B)  2
    Cyclomatic Complexity   19
    Maintainability (MI)    36

 Segment     Used  Free
-----------  ----  ----
00000-00003     4  0  
00004-007FF  1083  961  
00800-00FFF     0  2048  
01000-017FF     0  2048  
01800-01FFF     0  2048  



