
ROM used:   486/8192 (6%)
            486/8192 (6%) including unused fragments

            0.2 Average locations per line
            0.8 Average locations per statement

RAM used:   26/368 (7%) at main() level
            37/368 (10%) worst case

Stack used: 4 worst case (4 in main + 0 for interrupts)
Stack size: 8

Lines Stmts  %   Files
----- ----- ---  -----
   36    16   3  main.c
  671     0   0  ..\..\..\..\..\..\Program Files (x86)\PICC\Devices\16F877A.h
 1351   359  61  ..\..\..\..\..\..\Program Files (x86)\PICC\Drivers\stdlib.h
   32     0   0  ..\..\..\..\..\..\Program Files (x86)\PICC\Drivers\stddef.h
  423   125  21  ..\..\..\..\..\..\Program Files (x86)\PICC\Drivers\string.h
   28     0   0  ..\..\..\..\..\..\Program Files (x86)\PICC\Drivers\ctype.h
  456    84  14  ..\..\..\..\..\..\Program Files (x86)\PICC\Drivers\lcd.c
----- -----
 2997   584 Total

Page ROM  %  RAM   Vol Diff  Functions:
---- --- --- ---   --- ----  ----------
0     21   4    1             @delay_ms1
 Inline         3   596  5.9  lcd_read_byte
0      6   1    0    59  4.2  lcd_read_nibble
0     12   2    1   179  3.3  lcd_send_nibble
0     64  13    3   460  4.7  lcd_send_byte
0     62  13    6   814  7.2  lcd_init
0     18   4    4   208  6.3  lcd_gotoxy
 Inline         1   354  4.7  lcd_putc
0     91  19    2   399  5.0  MAIN
0      9   2    0             @const942
0     89  18    5             @PSTRINGCN7_9600_62_63
0     25   5    2             @PSTRINGR_9600_62_63
0      7   1    0             @const946
0     67  14    2             @PSTRINGR_920
0     11   2    0             @MEMSET
 Inline         0             @cinit1

Program metrics:
    Functions               8
    Statements              584
    Comments                1006
    Volume (V)              4661
    Difficulty (D)          39.4
    Effort to implement (E) 183807
    Time to implement (T)   2 hours, 50 minutes
    Est Delivered Bugs (B)  1
    Cyclomatic Complexity   10
    Maintainability (MI)    18

 Segment     Used  Free
-----------  ----  ----
00000-00003     4  0  
00004-007FF   482  1562  
00800-00FFF     0  2048  
01000-017FF     0  2048  
01800-01FFF     0  2048  



